#-----------------------------------------------------------
# PlanAhead v13.4 (64-bit)
# Build 157570 by hdbuild on Fri Dec 16 13:06:31 MST 2011
# Start of session at: Mon Jul 18 13:21:58 2016
# Process ID: 5452
# Log file: C:/Users/bowenliu/prng_ise13/planAhead_run_2/planAhead.log
# Journal file: C:/Users/bowenliu/prng_ise13/planAhead_run_2/planAhead.jou
#-----------------------------------------------------------
INFO: [Common-78] Attempting to get a license: PlanAhead
INFO: [Common-82] Got a license: PlanAhead
INFO: [Common-86] Your PlanAhead license expires in -1325 day(s)
INFO: [Device-25] Loading parts and site information from C:/Xilinx/13.4/ISE_DS/PlanAhead\parts\arch.xmlParsing RTL primitives file [C:/Xilinx/13.4/ISE_DS/PlanAhead\parts\xilinx\rtl\prims\rtl_prims.xml]
Finished parsing RTL primitives file [C:/Xilinx/13.4/ISE_DS/PlanAhead\parts\xilinx\rtl\prims\rtl_prims.xml]
start_gui
source C:/Users/bowenliu/prng_ise13/pa.fromHdl.tcl
# create_project -name prng_ise13 -dir "C:/Users/bowenliu/prng_ise13/planAhead_run_2" -part xc3s1200efg320-5
ERROR: [Common-53] User Exception: Project already exists on disk, please use '-force' option to overwrite: 
     C:\Users\bowenliu\prng_ise13\planAhead_run_2\prng_ise13.ppr
     C:\Users\bowenliu\prng_ise13\planAhead_run_2\prng_ise13.data
exit
stop_gui
INFO: [PlanAhead-261] Exiting PlanAhead...
INFO: [Common-83] Releasing license: PlanAhead
