ISim log file
Running: C:\Users\bowenliu\prng_ise13\control_fsm_tb_isim_beh.exe -intstyle ise -gui -tclbatch isim.cmd -wdb C:/Users/bowenliu/prng_ise13/control_fsm_tb_isim_beh.wdb 
ISim O.87xd (signature 0xc3576ebc)
----------------------------------------------------------------------
INFO:Security:51 - The XILINXD_LICENSE_FILE environment variable is not set.
INFO:Security:52 - The LM_LICENSE_FILE environment variable is set to '2100@licserv.cmc.engr.uvic.ca'.
WARNING:Security:43 - No license file was found in the standard Xilinx license directory.
WARNING:Security:44 - Since no license file was found,
       please run the Xilinx License Configuration Manager
       (xlcm or "Manage Xilinx Licenses")
       to assist in obtaining a license.
WARNING:Security:42 - Your software subscription period has lapsed. Your current version of Xilinx tools will continue to function, but you no longer qualify for Xilinx software updates or new releases.


----------------------------------------------------------------------
This is a Full version of ISim.
Time resolution is 1 ps
# onerror resume
# wave add /
# run 200 ms
Simulator is doing circuit initialization process.
at 0 ps, Instance /control_fsm_tb/uut/MUL/ : Warning: NUMERIC_STD.TO_INTEGER: metavalue detected, returning 0
at 0 ps, Instance /control_fsm_tb/uut/MUL/ : Warning: NUMERIC_STD.TO_INTEGER: metavalue detected, returning 0
Finished circuit initialization process.
Stopped at time : 3018710 ns : File "C:/Users/bowenliu/Desktop/UvicSummer2016Ceng441-master/PRNG_VHDL/PRNG/divide_2.vhd" Line 101
